android-dc/build/outputs/mapping/fossRelease/seeds.txt
org.thoughtcrime.securesms.qr.QrActivity
org.thoughtcrime.securesms.components.RemovableEditableMediaView
org.thoughtcrime.securesms.AllMediaActivity
org.thoughtcrime.securesms.components.ContactFilterToolbar
org.thoughtcrime.securesms.WebxdcStoreActivity
org.thoughtcrime.securesms.AllMediaGalleryFragment
org.thoughtcrime.securesms.ConversationTitleView
org.thoughtcrime.securesms.reactions.ReactionsConversationView
org.thoughtcrime.securesms.ApplicationPreferencesActivity
org.thoughtcrime.securesms.preferences.AppearancePreferenceFragment
org.thoughtcrime.securesms.InstantOnboardingActivity
org.thoughtcrime.securesms.WelcomeActivity
org.thoughtcrime.securesms.ProfileTextItem
org.thoughtcrime.securesms.BlockedContactsActivity$BlockedAndShareContactsFragment
org.thoughtcrime.securesms.components.AvatarView
org.thoughtcrime.securesms.ProfileActivity
org.thoughtcrime.securesms.ConversationListItem
org.thoughtcrime.securesms.ApplicationPreferencesActivity$ApplicationPreferenceFragment
org.thoughtcrime.securesms.connect.FetchWorker
org.thoughtcrime.securesms.notifications.MarkReadReceiver
org.thoughtcrime.securesms.components.DocumentView
org.thoughtcrime.securesms.FullMsgActivity
org.thoughtcrime.securesms.ShareActivity
org.thoughtcrime.securesms.qr.QrScanFragment
org.thoughtcrime.securesms.components.emoji.AutoScaledEmojiTextView
org.thoughtcrime.securesms.ContactSelectionListFragment
org.thoughtcrime.securesms.components.registration.PulsingFloatingActionButton
org.thoughtcrime.securesms.proxy.ProxySettingsActivity
org.thoughtcrime.securesms.preferences.widgets.ProfilePreference
org.thoughtcrime.securesms.components.WebxdcView
org.thoughtcrime.securesms.calls.CallViewModel
org.thoughtcrime.securesms.calls.CallActionReceiver
org.thoughtcrime.securesms.components.QuoteView
org.thoughtcrime.securesms.components.InputAwareLayout
org.thoughtcrime.securesms.components.ThumbnailView
org.thoughtcrime.securesms.components.ConversationItemThumbnail
org.thoughtcrime.securesms.relay.RelayListActivity
org.thoughtcrime.securesms.ApplicationContext
org.thoughtcrime.securesms.service.BootReceiver
org.thoughtcrime.securesms.ContactMultiSelectionActivity
org.thoughtcrime.securesms.components.SwitchPreferenceCompat
org.thoughtcrime.securesms.scribbles.ImageEditorFragment
org.thoughtcrime.securesms.ConversationFragment
org.thoughtcrime.securesms.components.AvatarImageView
org.thoughtcrime.securesms.relay.EditRelayActivity
org.thoughtcrime.securesms.preferences.NotificationsPreferenceFragment
org.thoughtcrime.securesms.reactions.AddReactionView
org.thoughtcrime.securesms.BaseConversationListFragment
org.thoughtcrime.securesms.geolocation.LocationStreamingService
org.thoughtcrime.securesms.components.MicrophoneRecorderView
org.thoughtcrime.securesms.scribbles.widget.VerticalSlideColorPicker
org.thoughtcrime.securesms.connect.KeepAliveService
org.thoughtcrime.securesms.LogViewActivity
org.thoughtcrime.securesms.scribbles.ImageEditorHud
org.thoughtcrime.securesms.reactions.ReactionRecipientItem
org.thoughtcrime.securesms.ConversationListActivity
org.thoughtcrime.securesms.components.audioplay.AudioView
org.thoughtcrime.securesms.components.emoji.EmojiToggle
org.thoughtcrime.securesms.MessageSelectorFragment
org.thoughtcrime.securesms.components.emoji.StickerPickerView
org.thoughtcrime.securesms.scribbles.StickerSelectFragment
org.thoughtcrime.securesms.components.ComposeText
org.thoughtcrime.securesms.NewConversationActivity
org.thoughtcrime.securesms.scribbles.StickerSelectActivity
org.thoughtcrime.securesms.LogViewFragment
org.thoughtcrime.securesms.calls.CallActivity
org.thoughtcrime.securesms.contacts.NewContactActivity
org.thoughtcrime.securesms.preferences.ListSummaryPreferenceFragment
org.thoughtcrime.securesms.connect.AttachmentsContentProvider
org.thoughtcrime.securesms.calls.CallService
org.thoughtcrime.securesms.components.BorderlessImageView
org.thoughtcrime.securesms.ConversationListRelayingActivity
...
com.fasterxml.jackson.core.Base64Variant: void encodeBase64Chunk(java.lang.StringBuilder,int)
com.google.android.material.transformation.ExpandableTransformationBehavior: ExpandableTransformationBehavior()
com.fasterxml.jackson.databind.util.ClassUtil: void throwAsIAE(java.lang.Throwable,java.lang.String)
com.fasterxml.jackson.databind.deser.std.PrimitiveArrayDeserializers$DoubleDeser: double[] handleSingleElementUnwrapped(com.fasterxml.jackson.core.JsonParser,com.fasterxml.jackson.databind.DeserializationContext)
com.fasterxml.jackson.databind.ser.std.NumberSerializer$BigDecimalAsStringSerializer: java.lang.String valueToString(java.lang.Object)
com.journeyapps.barcodescanner.BarcodeView$DecodeMode: com.journeyapps.barcodescanner.BarcodeView$DecodeMode valueOf(java.lang.String)
com.fasterxml.jackson.databind.deser.std.StdValueInstantiator: java.lang.Object createUsingDelegate(com.fasterxml.jackson.databind.DeserializationContext,java.lang.Object)
com.coremedia.iso.boxes.OriginalFormatBox: long getContentSize()
com.fasterxml.jackson.databind.util.RawValue: void serializeWithType(com.fasterxml.jackson.core.JsonGenerator,com.fasterxml.jackson.databind.SerializerProvider,com.fasterxml.jackson.databind.jsontype.TypeSerializer)
com.coremedia.iso.boxes.ProgressiveDownloadInformationBox: void setEntries(java.util.List)
com.fasterxml.jackson.core.JsonFactory: com.fasterxml.jackson.core.util.BufferRecycler _getBufferRecycler()
com.fasterxml.jackson.core.JsonGenerator: void writeNumber(java.math.BigDecimal)
com.fasterxml.jackson.annotation.JsonSetter$Value: com.fasterxml.jackson.annotation.JsonSetter$Value from(com.fasterxml.jackson.annotation.JsonSetter)
org.webrtc.VideoEncoderWrapper: boolean getScalingSettingsOn(org.webrtc.VideoEncoder$ScalingSettings)
com.fasterxml.jackson.databind.deser.impl.BeanPropertyMap: com.fasterxml.jackson.databind.deser.impl.BeanPropertyMap construct(com.fasterxml.jackson.databind.cfg.MapperConfig,java.util.Collection,java.util.Map)
com.fasterxml.jackson.databind.deser.BeanDeserializerBase: com.fasterxml.jackson.databind.util.AccessPattern getEmptyAccessPattern()
com.fasterxml.jackson.databind.deser.std.NumberDeserializers$DoubleDeserializer: com.fasterxml.jackson.databind.util.AccessPattern getNullAccessPattern()
org.webrtc.MediaConstraints: java.lang.String toString()
com.google.android.material.chip.Chip: void setChipDrawable(com.google.android.material.chip.ChipDrawable)
com.fasterxml.jackson.core.util.JsonParserDelegate: java.lang.Object getObjectId()
org.webrtc.EglBase$-CC: org.webrtc.EglBase$ConfigBuilder configBuilder()
com.fasterxml.jackson.databind.JsonMappingException: com.fasterxml.jackson.databind.JsonMappingException from(com.fasterxml.jackson.core.JsonGenerator,java.lang.String,java.lang.Throwable)
androidx.cardview.widget.CardView: int getContentPaddingBottom()
org.chromium.support_lib_boundary.TracingControllerBoundaryInterface: boolean isTracing()
com.fasterxml.jackson.databind.cfg.MapperConfig: com.fasterxml.jackson.annotation.JsonInclude$Value getDefaultPropertyInclusion(java.lang.Class)
com.fasterxml.jackson.databind.util.ArrayBuilders: com.fasterxml.jackson.databind.util.ArrayBuilders$LongBuilder getLongBuilder()
com.fasterxml.jackson.databind.type.TypeFactory: com.fasterxml.jackson.databind.JavaType _fromWildcard(com.fasterxml.jackson.databind.type.ClassStack,java.lang.reflect.WildcardType,com.fasterxml.jackson.databind.type.TypeBindings)
com.fasterxml.jackson.databind.util.SimpleBeanPropertyDefinition: java.util.Iterator getConstructorParameters()
org.webrtc.TurnCustomizer: void checkTurnCustomizerExists()
com.coremedia.iso.boxes.SampleDescriptionBox: com.coremedia.iso.boxes.sampleentry.AbstractSampleEntry getSampleEntry()
com.fasterxml.jackson.databind.util.ArrayBuilders: ArrayBuilders()
org.webrtc.EglBase14Impl$EglConnection: void lambda$new$1()
com.google.android.material.floatingactionbutton.FloatingActionButton: void setScaleX(float)