android-dc/build/outputs/mapping/fossRelease/usage.txt
org.thoughtcrime.securesms.AllMediaActivity:
    public static final java.lang.String CHAT_ID_EXTRA
    public static final java.lang.String CONTACT_ID_EXTRA
    public static final java.lang.String FORCE_GALLERY
    private static final java.lang.String TAG
org.thoughtcrime.securesms.AllMediaDocumentsFragment:
    public static final java.lang.String CHAT_ID_EXTRA
    public static final java.lang.String VIEWTYPE1
    public static final java.lang.String VIEWTYPE2
org.thoughtcrime.securesms.AllMediaGalleryFragment:
    public static final java.lang.String CHAT_ID_EXTRA
org.thoughtcrime.securesms.ApplicationContext:
    private static final java.lang.String TAG
    public org.thoughtcrime.securesms.jobmanager.JobManager getJobManager()
org.thoughtcrime.securesms.ApplicationPreferencesActivity:
    private static final java.lang.String PREFERENCE_CATEGORY_ADVANCED
    private static final java.lang.String PREFERENCE_CATEGORY_APPEARANCE
    private static final java.lang.String PREFERENCE_CATEGORY_CHATS
    private static final java.lang.String PREFERENCE_CATEGORY_CONNECTIVITY
    private static final java.lang.String PREFERENCE_CATEGORY_DONATE
    private static final java.lang.String PREFERENCE_CATEGORY_HELP
    private static final java.lang.String PREFERENCE_CATEGORY_MULTIDEVICE
    private static final java.lang.String PREFERENCE_CATEGORY_NOTIFICATIONS
    private static final java.lang.String PREFERENCE_CATEGORY_PROFILE
    public static final int REQUEST_CODE_SET_BACKGROUND
org.thoughtcrime.securesms.AttachContactActivity:
    public static final java.lang.String CONTACT_ID_EXTRA
org.thoughtcrime.securesms.BaseActionBarActivity:
    private static final java.lang.String TAG
    private void forceOverflowMenu()
org.thoughtcrime.securesms.BaseConversationItem:
    static final long PULSE_HIGHLIGHT_MILLIS
org.thoughtcrime.securesms.BaseConversationListFragment:
    private static final java.lang.String TAG
org.thoughtcrime.securesms.BuildConfig
org.thoughtcrime.securesms.ContactMultiSelectionActivity:
    public static final java.lang.String CONTACTS_EXTRA
    public static final java.lang.String DESELECTED_CONTACTS_EXTRA
org.thoughtcrime.securesms.ContactSelectionActivity:
    private static final java.lang.String TAG
org.thoughtcrime.securesms.ContactSelectionListFragment:
    public static final java.lang.String ALLOW_CREATION
    public static final java.lang.String MULTI_SELECT
    public static final java.lang.String PRESELECTED_CONTACTS
    public static final java.lang.String SELECT_UNENCRYPTED_EXTRA
    private static final java.lang.String TAG
org.thoughtcrime.securesms.ConversationActivity:
    public static final java.lang.String ACCOUNT_ID_EXTRA
    protected static final int ACTION_SAVE_DRAFT
    protected static final int ACTION_SEND_OUT
    public static final java.lang.String CHAT_ID_EXTRA
    public static final java.lang.String FROM_ARCHIVED_CHATS_EXTRA
    private static final int GROUP_EDIT
    private static final int PICK_CONTACT
    private static final int PICK_DOCUMENT
    private static final int PICK_GALLERY
    private static final int PICK_WEBXDC
    private static final int RECORD_VIDEO
    public static final java.lang.String STARTING_POSITION_EXTRA
    private static final java.lang.String TAG
    private static final int TAKE_PHOTO
    public static final java.lang.String TEXT_EXTRA
org.thoughtcrime.securesms.ConversationAdapter$HeaderViewHolder:
    void <init>(android.widget.TextView)
...
androidx.media3.session.MediaLibrarySessionImpl:
    private static final java.lang.String RECENT_LIBRARY_ROOT_MEDIA_ID
    private final androidx.media3.session.MediaLibraryService$MediaLibrarySession$Callback callback
    private final com.google.common.collect.HashMultimap controllerToSubscribedParentIds
    private final androidx.media3.session.MediaLibraryService$MediaLibrarySession instance
    private final int libraryErrorReplicationMode
    private final com.google.common.collect.HashMultimap parentIdToSubscribedControllers
    public void <init>(androidx.media3.session.MediaLibraryService$MediaLibrarySession,android.content.Context,java.lang.String,androidx.media3.common.Player,android.app.PendingIntent,com.google.common.collect.ImmutableList,com.google.common.collect.ImmutableList,com.google.common.collect.ImmutableList,androidx.media3.session.MediaLibraryService$MediaLibrarySession$Callback,android.os.Bundle,android.os.Bundle,androidx.media3.common.util.BitmapLoader,boolean,boolean,int)
    public void clearReplicatedLibraryError()
    protected androidx.media3.session.MediaSessionServiceLegacyStub createLegacyBrowserService(androidx.media3.session.legacy.MediaSessionCompat$Token)
    protected void dispatchRemoteControllerTaskWithoutReturn(androidx.media3.session.MediaSessionImpl$RemoteControllerTask)
    public java.util.List getConnectedControllers()
    protected androidx.media3.session.MediaLibraryServiceLegacyStub getLegacyBrowserService()
androidx.media3.session.MediaNotification$ActionFactory:
    public abstract androidx.core.app.NotificationCompat$Action createCustomAction(androidx.media3.session.MediaSession,androidx.core.graphics.drawable.IconCompat,java.lang.CharSequence,java.lang.String,android.os.Bundle)
    public abstract android.app.PendingIntent createMediaActionPendingIntent(androidx.media3.session.MediaSession,long)
androidx.media3.session.MediaNotification:
    public static final java.lang.String NOTIFICATION_DISMISSED_EVENT_KEY
androidx.media3.session.MediaNotificationManager$Api24:
    private void <init>()
androidx.media3.session.MediaNotificationManager:
    private static final int MSG_USER_ENGAGED_TIMEOUT
    private static final java.lang.String TAG
    public void setMediaNotificationProvider(androidx.media3.session.MediaNotification$Provider)
    public void setShowNotificationForIdlePlayer(int)
    public void setUserEngagedTimeoutMs(long)
androidx.media3.session.MediaSession$Api31:
    private void <init>()
androidx.media3.session.MediaSession$Builder:
    public androidx.media3.session.MediaSession$Builder setBitmapLoader(androidx.media3.common.util.BitmapLoader)
    public synthetic bridge androidx.media3.session.MediaSession$BuilderBase setBitmapLoader(androidx.media3.common.util.BitmapLoader)
    public synthetic bridge androidx.media3.session.MediaSession$BuilderBase setCallback(androidx.media3.session.MediaSession$Callback)
    public androidx.media3.session.MediaSession$Builder setCommandButtonsForMediaItems(java.util.List)
    public synthetic bridge androidx.media3.session.MediaSession$BuilderBase setCommandButtonsForMediaItems(java.util.List)
    public androidx.media3.session.MediaSession$Builder setCustomLayout(java.util.List)
    public synthetic bridge androidx.media3.session.MediaSession$BuilderBase setCustomLayout(java.util.List)
    public androidx.media3.session.MediaSession$Builder setExtras(android.os.Bundle)
    public synthetic bridge androidx.media3.session.MediaSession$BuilderBase setExtras(android.os.Bundle)
    public androidx.media3.session.MediaSession$Builder setId(java.lang.String)
    public synthetic bridge androidx.media3.session.MediaSession$BuilderBase setId(java.lang.String)
    public androidx.media3.session.MediaSession$Builder setMediaButtonPreferences(java.util.List)
    public synthetic bridge androidx.media3.session.MediaSession$BuilderBase setMediaButtonPreferences(java.util.List)